[debug] [2022-10-23T14:17:29.078Z] ----------------------------------------------------------------------
[debug] [2022-10-23T14:17:29.080Z] Command:       C:\Program Files\nodejs\node.exe C:\Users\Mohammad Abbas\AppData\Roaming\npm\node_modules\firebase-tools\lib\bin\firebase.js init
[debug] [2022-10-23T14:17:29.081Z] CLI Version:   11.15.0
[debug] [2022-10-23T14:17:29.081Z] Platform:      win32
[debug] [2022-10-23T14:17:29.081Z] Node Version:  v16.18.0
[debug] [2022-10-23T14:17:29.082Z] Time:          Sun Oct 23 2022 19:47:29 GMT+0530 (India Standard Time)
[debug] [2022-10-23T14:17:29.082Z] ----------------------------------------------------------------------
[debug] 
[debug] [2022-10-23T14:17:29.090Z] > command requires scopes: ["email","openid","https://www.googleapis.com/auth/cloudplatformprojects.readonly","https://www.googleapis.com/auth/firebase","https://www.googleapis.com/auth/cloud-platform"]
[debug] [2022-10-23T14:17:29.091Z] > authorizing via signed-in user (mohammadabbas561@gmail.com)
[info] 
     ######## #### ########  ######## ########     ###     ######  ########
     ##        ##  ##     ## ##       ##     ##  ##   ##  ##       ##
     ######    ##  ########  ######   ########  #########  ######  ######
     ##        ##  ##    ##  ##       ##     ## ##     ##       ## ##
     ##       #### ##     ## ######## ########  ##     ##  ######  ########

You're about to initialize a Firebase project in this directory:

  C:\Users\Mohammad Abbas\Downloads\whatsapp-mini-client-master\whatsapp-mini-client-master

[info] 
=== Project Setup
[info] 
[info] First, let's associate this project directory with a Firebase project.
[info] You can create multiple project aliases by running firebase use --add, 
[info] but for now we'll just set up a default project.
[info] 
[debug] [2022-10-23T14:17:36.601Z] > refreshing access token with scopes: []
[debug] [2022-10-23T14:17:36.605Z] >>> [apiv2][query] POST https://www.googleapis.com/oauth2/v3/token [none]
[debug] [2022-10-23T14:17:36.605Z] >>> [apiv2][body] POST https://www.googleapis.com/oauth2/v3/token [omitted]
[debug] [2022-10-23T14:17:37.034Z] <<< [apiv2][status] POST https://www.googleapis.com/oauth2/v3/token 400
[debug] [2022-10-23T14:17:37.034Z] <<< [apiv2][body] POST https://www.googleapis.com/oauth2/v3/token [omitted]
[debug] [2022-10-23T14:17:37.035Z] >>> [apiv2][query] GET https://firebase.googleapis.com/v1beta1/projects pageSize=100
[debug] [2022-10-23T14:17:37.634Z] <<< [apiv2][status] GET https://firebase.googleapis.com/v1beta1/projects 401
[debug] [2022-10-23T14:17:37.635Z] <<< [apiv2][body] GET https://firebase.googleapis.com/v1beta1/projects [omitted]
[debug] [2022-10-23T14:17:37.635Z] HTTP Error: 401, Request had invalid authentication credentials. Expected OAuth 2 access token, login cookie or other valid authentication credential. See https://developers.google.com/identity/sign-in/web/devconsole-project.
[debug] [2022-10-23T14:17:37.643Z] FirebaseError: HTTP Error: 401, Request had invalid authentication credentials. Expected OAuth 2 access token, login cookie or other valid authentication credential. See https://developers.google.com/identity/sign-in/web/devconsole-project.
    at responseToError (C:\Users\Mohammad Abbas\AppData\Roaming\npm\node_modules\firebase-tools\lib\responseToError.js:49:12)
    at RetryOperation._fn (C:\Users\Mohammad Abbas\AppData\Roaming\npm\node_modules\firebase-tools\lib\apiv2.js:288:77)
    at processTicksAndRejections (node:internal/process/task_queues:96:5)
[error] 
[error] Error: Failed to list Firebase projects. See firebase-debug.log for more info.
